* c726337 : space testing
* a1d748b : this is test3
* af2ac46 : ok
* a4ebbcd : ok
* 3fdec52 : ok
* 26448be : ok
*   2f044dd : Merge pull request #1 from venkat402/venkat
|\  
| * 1e76647 : this is correct
| *   b867a8d : ok for now
| |\  
| | *   7564f32 : Merge branch 'master' into venkat
| | |\  
| * | \   a53b5da : ok
| |\ \ \  
| |/ / /  
|/| | |   
* | | | bc60871 : Update test.txt
| |_|/  
|/| |   
| * |   a9590b3 : add this file venkat
| |\ \  
| |/ /  
|/| /   
| |/    
* | 90cdf1a : conflict checking
* | e8a7992 : Create test.txt
* | bea276a : git files
* | 28aad52 : db file
| * bec6162 : another branch commit
|/  
*   d80199b : Merge branch 'master' of https://github.com/venkat402/citask
|\  
| * 260453f : Create README.md
| * 03dff9d : Initial commit
* 512eef5 : task sheduler in codeigniter by venkat